#
# There is insufficient memory for the Java Runtime Environment to continue.
# Native memory allocation (malloc) failed to allocate 386736 bytes for Chunk::new
# Possible reasons:
#   The system is out of physical RAM or swap space
#   The process is running with CompressedOops enabled, and the Java Heap may be blocking the growth of the native heap
# Possible solutions:
#   Reduce memory load on the system
#   Increase physical memory or swap space
#   Check if swap backing store is full
#   Decrease Java heap size (-Xmx/-Xms)
#   Decrease number of Java threads
#   Decrease Java thread stack sizes (-Xss)
#   Set larger code cache with -XX:ReservedCodeCacheSize=
#   JVM is running with Unscaled Compressed Oops mode in which the Java heap is
#     placed in the first 4GB address space. The Java Heap base address is the
#     maximum limit for the native heap growth. Please use -XX:HeapBaseMinAddress
#     to set the Java Heap base and to place the Java Heap above 4GB virtual address.
# This output file may be truncated or incomplete.
#
#  Out of Memory Error (./src/hotspot/share/memory/arena.cpp:197), pid=12612, tid=10208
#
# JRE version: OpenJDK Runtime Environment JBR-11.0.12.7-1504.28-jcef (11.0.12+7) (build 11.0.12+7-b1504.28)
# Java VM: OpenJDK 64-Bit Server VM JBR-11.0.12.7-1504.28-jcef (11.0.12+7-b1504.28, mixed mode, tiered, compressed oops, g1 gc, windows-amd64)
# No core dump will be written. Minidumps are not enabled by default on client versions of Windows
#

---------------  S U M M A R Y ------------

Command Line: -Djava.rmi.server.hostname=127.0.0.1 -Duser.timezone=UTC -Xmx2025m -Xms128m -Dfile.encoding=UTF-8 com.intellij.database.remote.RemoteJdbcServer com.mysql.cj.jdbc.Driver

Host: Intel(R) Core(TM) i7-10750H CPU @ 2.60GHz, 12 cores, 15G,  Windows 10 , 64 bit Build 22000 (10.0.22000.120)
Time: Mon Oct 11 08:56:33 2021 SE Asia Standard Time elapsed time: 0.506934 seconds (0d 0h 0m 0s)

---------------  T H R E A D  ---------------

Current thread (0x000002b6c180a000):  JavaThread "C2 CompilerThread0" daemon [_thread_in_native, id=10208, stack(0x000000f5ab700000,0x000000f5ab800000)]


Current CompileTask:
C2:    506  399 % !   4       sun.security.provider.SeedGenerator$ThreadedSeedGenerator::run @ 109 (263 bytes)

Stack: [0x000000f5ab700000,0x000000f5ab800000]
Native frames: (J=compiled Java code, j=interpreted, Vv=VM code, C=native code)
V  [jvm.dll+0x5ff40a]
V  [jvm.dll+0x783b65]
V  [jvm.dll+0x78517d]
V  [jvm.dll+0x785833]
V  [jvm.dll+0x249408]
V  [jvm.dll+0xc12ac]
V  [jvm.dll+0xc17dc]
V  [jvm.dll+0x35d02d]
V  [jvm.dll+0x32a383]
V  [jvm.dll+0x32987a]
V  [jvm.dll+0x201f92]
V  [jvm.dll+0x201124]
V  [jvm.dll+0x18ae6c]
V  [jvm.dll+0x20fb97]
V  [jvm.dll+0x20e3c1]
V  [jvm.dll+0x74b88f]
V  [jvm.dll+0x744355]
V  [jvm.dll+0x5fe316]
C  [ucrtbase.dll+0x26c0c]
C  [KERNEL32.DLL+0x154e0]
C  [ntdll.dll+0x485b]


---------------  P R O C E S S  ---------------

Threads class SMR info:
_java_thread_list=0x000002b6c1cf52a0, length=13, elements={
0x000002b6a5d4b800, 0x000002b6c0e90800, 0x000002b6c0e93800, 0x000002b6c1802800,
0x000002b6c1803000, 0x000002b6c1806000, 0x000002b6c180a000, 0x000002b6c1817000,
0x000002b6c1823000, 0x000002b6c1983000, 0x000002b6c1a6e000, 0x000002b6c1a79800,
0x000002b6c1d0b800
}

Java Threads: ( => current thread )
  0x000002b6a5d4b800 JavaThread "main" [_thread_blocked, id=18156, stack(0x000000f5aab00000,0x000000f5aac00000)]
  0x000002b6c0e90800 JavaThread "Reference Handler" daemon [_thread_blocked, id=12000, stack(0x000000f5ab200000,0x000000f5ab300000)]
  0x000002b6c0e93800 JavaThread "Finalizer" daemon [_thread_blocked, id=14324, stack(0x000000f5ab300000,0x000000f5ab400000)]
  0x000002b6c1802800 JavaThread "Signal Dispatcher" daemon [_thread_blocked, id=7588, stack(0x000000f5ab400000,0x000000f5ab500000)]
  0x000002b6c1803000 JavaThread "Attach Listener" daemon [_thread_blocked, id=6224, stack(0x000000f5ab500000,0x000000f5ab600000)]
  0x000002b6c1806000 JavaThread "Service Thread" daemon [_thread_blocked, id=16072, stack(0x000000f5ab600000,0x000000f5ab700000)]
=>0x000002b6c180a000 JavaThread "C2 CompilerThread0" daemon [_thread_in_native, id=10208, stack(0x000000f5ab700000,0x000000f5ab800000)]
  0x000002b6c1817000 JavaThread "C1 CompilerThread0" daemon [_thread_blocked, id=9804, stack(0x000000f5ab800000,0x000000f5ab900000)]
  0x000002b6c1823000 JavaThread "Sweeper thread" daemon [_thread_blocked, id=18620, stack(0x000000f5ab900000,0x000000f5aba00000)]
  0x000002b6c1983000 JavaThread "Common-Cleaner" daemon [_thread_blocked, id=8348, stack(0x000000f5abb00000,0x000000f5abc00000)]
  0x000002b6c1a6e000 JavaThread "mysql-cj-abandoned-connection-cleanup" daemon [_thread_blocked, id=17400, stack(0x000000f5abd00000,0x000000f5abe00000)]
  0x000002b6c1a79800 JavaThread "SeedGenerator Thread" daemon [_thread_in_Java, id=20204, stack(0x000000f5abe00000,0x000000f5abf00000)]
  0x000002b6c1d0b800 JavaThread "SeedGenerator Thread" daemon [_thread_blocked, id=5948, stack(0x000000f5abc00000,0x000000f5abd00000)]

Other Threads:
  0x000002b6c0e8e800 VMThread "VM Thread" [stack: 0x000000f5ab100000,0x000000f5ab200000] [id=10520]
  0x000002b6c1971800 WatcherThread [stack: 0x000000f5aba00000,0x000000f5abb00000] [id=10184]
  0x000002b6a5d63000 GCTaskThread "GC Thread#0" [stack: 0x000000f5aac00000,0x000000f5aad00000] [id=13392]
  0x000002b6a5d96800 ConcurrentGCThread "G1 Main Marker" [stack: 0x000000f5aad00000,0x000000f5aae00000] [id=10112]
  0x000002b6a5d98000 ConcurrentGCThread "G1 Conc#0" [stack: 0x000000f5aae00000,0x000000f5aaf00000] [id=19924]
  0x000002b6a5e2e000 ConcurrentGCThread "G1 Refine#0" [stack: 0x000000f5aaf00000,0x000000f5ab000000] [id=16588]
  0x000002b6c0cd8800 ConcurrentGCThread "G1 Young RemSet Sampling" [stack: 0x000000f5ab000000,0x000000f5ab100000] [id=12512]

Threads with active compile tasks:
C2 CompilerThread0    520  399 % !   4       sun.security.provider.SeedGenerator$ThreadedSeedGenerator::run @ 109 (263 bytes)

VM state:not at safepoint (normal execution)

VM Mutex/Monitor currently owned by a thread: None

Heap address: 0x0000000081600000, size: 2026 MB, Compressed Oops mode: 32-bit
Narrow klass base: 0x0000000000000000, Narrow klass shift: 3
Compressed class space size: 1073741824 Address: 0x0000000100000000

Heap:
 garbage-first heap   total 131072K, used 4096K [0x0000000081600000, 0x0000000100000000)
  region size 1024K, 4 young (4096K), 0 survivors (0K)
 Metaspace       used 8175K, capacity 8338K, committed 8576K, reserved 1056768K
  class space    used 774K, capacity 844K, committed 896K, reserved 1048576K
Heap Regions: E=young(eden), S=young(survivor), O=old, HS=humongous(starts), HC=humongous(continues), CS=collection set, F=free, A=archive, TAMS=top-at-mark-start (previous, next)
|   0|0x0000000081600000, 0x0000000081700000, 0x0000000081700000|100%|HS|  |TAMS 0x0000000081600000, 0x0000000081600000| Complete 
|   1|0x0000000081700000, 0x0000000081700000, 0x0000000081800000|  0%| F|  |TAMS 0x0000000081700000, 0x0000000081700000| Untracked 
|   2|0x0000000081800000, 0x0000000081800000, 0x0000000081900000|  0%| F|  |TAMS 0x0000000081800000, 0x0000000081800000| Untracked 
|   3|0x0000000081900000, 0x0000000081900000, 0x0000000081a00000|  0%| F|  |TAMS 0x0000000081900000, 0x0000000081900000| Untracked 
|   4|0x0000000081a00000, 0x0000000081a00000, 0x0000000081b00000|  0%| F|  |TAMS 0x0000000081a00000, 0x0000000081a00000| Untracked 
|   5|0x0000000081b00000, 0x0000000081b00000, 0x0000000081c00000|  0%| F|  |TAMS 0x0000000081b00000, 0x0000000081b00000| Untracked 
|   6|0x0000000081c00000, 0x0000000081c00000, 0x0000000081d00000|  0%| F|  |TAMS 0x0000000081c00000, 0x0000000081c00000| Untracked 
|   7|0x0000000081d00000, 0x0000000081d00000, 0x0000000081e00000|  0%| F|  |TAMS 0x0000000081d00000, 0x0000000081d00000| Untracked 
|   8|0x0000000081e00000, 0x0000000081e00000, 0x0000000081f00000|  0%| F|  |TAMS 0x0000000081e00000, 0x0000000081e00000| Untracked 
|   9|0x0000000081f00000, 0x0000000081f00000, 0x0000000082000000|  0%| F|  |TAMS 0x0000000081f00000, 0x0000000081f00000| Untracked 
|  10|0x0000000082000000, 0x0000000082000000, 0x0000000082100000|  0%| F|  |TAMS 0x0000000082000000, 0x0000000082000000| Untracked 
|  11|0x0000000082100000, 0x0000000082100000, 0x0000000082200000|  0%| F|  |TAMS 0x0000000082100000, 0x0000000082100000| Untracked 
|  12|0x0000000082200000, 0x0000000082200000, 0x0000000082300000|  0%| F|  |TAMS 0x0000000082200000, 0x0000000082200000| Untracked 
|  13|0x0000000082300000, 0x0000000082300000, 0x0000000082400000|  0%| F|  |TAMS 0x0000000082300000, 0x0000000082300000| Untracked 
|  14|0x0000000082400000, 0x0000000082400000, 0x0000000082500000|  0%| F|  |TAMS 0x0000000082400000, 0x0000000082400000| Untracked 
|  15|0x0000000082500000, 0x0000000082500000, 0x0000000082600000|  0%| F|  |TAMS 0x0000000082500000, 0x0000000082500000| Untracked 
|  16|0x0000000082600000, 0x0000000082600000, 0x0000000082700000|  0%| F|  |TAMS 0x0000000082600000, 0x0000000082600000| Untracked 
|  17|0x0000000082700000, 0x0000000082700000, 0x0000000082800000|  0%| F|  |TAMS 0x0000000082700000, 0x0000000082700000| Untracked 
|  18|0x0000000082800000, 0x0000000082800000, 0x0000000082900000|  0%| F|  |TAMS 0x0000000082800000, 0x0000000082800000| Untracked 
|  19|0x0000000082900000, 0x0000000082900000, 0x0000000082a00000|  0%| F|  |TAMS 0x0000000082900000, 0x0000000082900000| Untracked 
|  20|0x0000000082a00000, 0x0000000082a00000, 0x0000000082b00000|  0%| F|  |TAMS 0x0000000082a00000, 0x0000000082a00000| Untracked 
|  21|0x0000000082b00000, 0x0000000082b00000, 0x0000000082c00000|  0%| F|  |TAMS 0x0000000082b00000, 0x0000000082b00000| Untracked 
|  22|0x0000000082c00000, 0x0000000082c00000, 0x0000000082d00000|  0%| F|  |TAMS 0x0000000082c00000, 0x0000000082c00000| Untracked 
|  23|0x0000000082d00000, 0x0000000082d00000, 0x0000000082e00000|  0%| F|  |TAMS 0x0000000082d00000, 0x0000000082d00000| Untracked 
|  24|0x0000000082e00000, 0x0000000082e00000, 0x0000000082f00000|  0%| F|  |TAMS 0x0000000082e00000, 0x0000000082e00000| Untracked 
|  25|0x0000000082f00000, 0x0000000082f00000, 0x0000000083000000|  0%| F|  |TAMS 0x0000000082f00000, 0x0000000082f00000| Untracked 
|  26|0x0000000083000000, 0x0000000083000000, 0x0000000083100000|  0%| F|  |TAMS 0x0000000083000000, 0x0000000083000000| Untracked 
|  27|0x0000000083100000, 0x0000000083100000, 0x0000000083200000|  0%| F|  |TAMS 0x0000000083100000, 0x0000000083100000| Untracked 
|  28|0x0000000083200000, 0x0000000083200000, 0x0000000083300000|  0%| F|  |TAMS 0x0000000083200000, 0x0000000083200000| Untracked 
|  29|0x0000000083300000, 0x0000000083300000, 0x0000000083400000|  0%| F|  |TAMS 0x0000000083300000, 0x0000000083300000| Untracked 
|  30|0x0000000083400000, 0x0000000083400000, 0x0000000083500000|  0%| F|  |TAMS 0x0000000083400000, 0x0000000083400000| Untracked 
|  31|0x0000000083500000, 0x0000000083500000, 0x0000000083600000|  0%| F|  |TAMS 0x0000000083500000, 0x0000000083500000| Untracked 
|  32|0x0000000083600000, 0x0000000083600000, 0x0000000083700000|  0%| F|  |TAMS 0x0000000083600000, 0x0000000083600000| Untracked 
|  33|0x0000000083700000, 0x0000000083700000, 0x0000000083800000|  0%| F|  |TAMS 0x0000000083700000, 0x0000000083700000| Untracked 
|  34|0x0000000083800000, 0x0000000083800000, 0x0000000083900000|  0%| F|  |TAMS 0x0000000083800000, 0x0000000083800000| Untracked 
|  35|0x0000000083900000, 0x0000000083900000, 0x0000000083a00000|  0%| F|  |TAMS 0x0000000083900000, 0x0000000083900000| Untracked 
|  36|0x0000000083a00000, 0x0000000083a00000, 0x0000000083b00000|  0%| F|  |TAMS 0x0000000083a00000, 0x0000000083a00000| Untracked 
|  37|0x0000000083b00000, 0x0000000083b00000, 0x0000000083c00000|  0%| F|  |TAMS 0x0000000083b00000, 0x0000000083b00000| Untracked 
|  38|0x0000000083c00000, 0x0000000083c00000, 0x0000000083d00000|  0%| F|  |TAMS 0x0000000083c00000, 0x0000000083c00000| Untracked 
|  39|0x0000000083d00000, 0x0000000083d00000, 0x0000000083e00000|  0%| F|  |TAMS 0x0000000083d00000, 0x0000000083d00000| Untracked 
|  40|0x0000000083e00000, 0x0000000083e00000, 0x0000000083f00000|  0%| F|  |TAMS 0x0000000083e00000, 0x0000000083e00000| Untracked 
|  41|0x0000000083f00000, 0x0000000083f00000, 0x0000000084000000|  0%| F|  |TAMS 0x0000000083f00000, 0x0000000083f00000| Untracked 
|  42|0x0000000084000000, 0x0000000084000000, 0x0000000084100000|  0%| F|  |TAMS 0x0000000084000000, 0x0000000084000000| Untracked 
|  43|0x0000000084100000, 0x0000000084100000, 0x0000000084200000|  0%| F|  |TAMS 0x0000000084100000, 0x0000000084100000| Untracked 
|  44|0x0000000084200000, 0x0000000084200000, 0x0000000084300000|  0%| F|  |TAMS 0x0000000084200000, 0x0000000084200000| Untracked 
|  45|0x0000000084300000, 0x0000000084300000, 0x0000000084400000|  0%| F|  |TAMS 0x0000000084300000, 0x0000000084300000| Untracked 
|  46|0x0000000084400000, 0x0000000084400000, 0x0000000084500000|  0%| F|  |TAMS 0x0000000084400000, 0x0000000084400000| Untracked 
|  47|0x0000000084500000, 0x0000000084500000, 0x0000000084600000|  0%| F|  |TAMS 0x0000000084500000, 0x0000000084500000| Untracked 
|  48|0x0000000084600000, 0x0000000084600000, 0x0000000084700000|  0%| F|  |TAMS 0x0000000084600000, 0x0000000084600000| Untracked 
|  49|0x0000000084700000, 0x0000000084700000, 0x0000000084800000|  0%| F|  |TAMS 0x0000000084700000, 0x0000000084700000| Untracked 
|  50|0x0000000084800000, 0x0000000084800000, 0x0000000084900000|  0%| F|  |TAMS 0x0000000084800000, 0x0000000084800000| Untracked 
|  51|0x0000000084900000, 0x0000000084900000, 0x0000000084a00000|  0%| F|  |TAMS 0x0000000084900000, 0x0000000084900000| Untracked 
|  52|0x0000000084a00000, 0x0000000084a00000, 0x0000000084b00000|  0%| F|  |TAMS 0x0000000084a00000, 0x0000000084a00000| Untracked 
|  53|0x0000000084b00000, 0x0000000084b00000, 0x0000000084c00000|  0%| F|  |TAMS 0x0000000084b00000, 0x0000000084b00000| Untracked 
|  54|0x0000000084c00000, 0x0000000084c00000, 0x0000000084d00000|  0%| F|  |TAMS 0x0000000084c00000, 0x0000000084c00000| Untracked 
|  55|0x0000000084d00000, 0x0000000084d00000, 0x0000000084e00000|  0%| F|  |TAMS 0x0000000084d00000, 0x0000000084d00000| Untracked 
|  56|0x0000000084e00000, 0x0000000084e00000, 0x0000000084f00000|  0%| F|  |TAMS 0x0000000084e00000, 0x0000000084e00000| Untracked 
|  57|0x0000000084f00000, 0x0000000084f00000, 0x0000000085000000|  0%| F|  |TAMS 0x0000000084f00000, 0x0000000084f00000| Untracked 
|  58|0x0000000085000000, 0x0000000085000000, 0x0000000085100000|  0%| F|  |TAMS 0x0000000085000000, 0x0000000085000000| Untracked 
|  59|0x0000000085100000, 0x0000000085100000, 0x0000000085200000|  0%| F|  |TAMS 0x0000000085100000, 0x0000000085100000| Untracked 
|  60|0x0000000085200000, 0x0000000085200000, 0x0000000085300000|  0%| F|  |TAMS 0x0000000085200000, 0x0000000085200000| Untracked 
|  61|0x0000000085300000, 0x0000000085300000, 0x0000000085400000|  0%| F|  |TAMS 0x0000000085300000, 0x0000000085300000| Untracked 
|  62|0x0000000085400000, 0x0000000085400000, 0x0000000085500000|  0%| F|  |TAMS 0x0000000085400000, 0x0000000085400000| Untracked 
|  63|0x0000000085500000, 0x0000000085500000, 0x0000000085600000|  0%| F|  |TAMS 0x0000000085500000, 0x0000000085500000| Untracked 
|  64|0x0000000085600000, 0x0000000085600000, 0x0000000085700000|  0%| F|  |TAMS 0x0000000085600000, 0x0000000085600000| Untracked 
|  65|0x0000000085700000, 0x0000000085700000, 0x0000000085800000|  0%| F|  |TAMS 0x0000000085700000, 0x0000000085700000| Untracked 
|  66|0x0000000085800000, 0x0000000085800000, 0x0000000085900000|  0%| F|  |TAMS 0x0000000085800000, 0x0000000085800000| Untracked 
|  67|0x0000000085900000, 0x0000000085900000, 0x0000000085a00000|  0%| F|  |TAMS 0x0000000085900000, 0x0000000085900000| Untracked 
|  68|0x0000000085a00000, 0x0000000085a00000, 0x0000000085b00000|  0%| F|  |TAMS 0x0000000085a00000, 0x0000000085a00000| Untracked 
|  69|0x0000000085b00000, 0x0000000085b00000, 0x0000000085c00000|  0%| F|  |TAMS 0x0000000085b00000, 0x0000000085b00000| Untracked 
|  70|0x0000000085c00000, 0x0000000085c00000, 0x0000000085d00000|  0%| F|  |TAMS 0x0000000085c00000, 0x0000000085c00000| Untracked 
|  71|0x0000000085d00000, 0x0000000085d00000, 0x0000000085e00000|  0%| F|  |TAMS 0x0000000085d00000, 0x0000000085d00000| Untracked 
|  72|0x0000000085e00000, 0x0000000085e00000, 0x0000000085f00000|  0%| F|  |TAMS 0x0000000085e00000, 0x0000000085e00000| Untracked 
|  73|0x0000000085f00000, 0x0000000085f00000, 0x0000000086000000|  0%| F|  |TAMS 0x0000000085f00000, 0x0000000085f00000| Untracked 
|  74|0x0000000086000000, 0x0000000086000000, 0x0000000086100000|  0%| F|  |TAMS 0x0000000086000000, 0x0000000086000000| Untracked 
|  75|0x0000000086100000, 0x0000000086100000, 0x0000000086200000|  0%| F|  |TAMS 0x0000000086100000, 0x0000000086100000| Untracked 
|  76|0x0000000086200000, 0x0000000086200000, 0x0000000086300000|  0%| F|  |TAMS 0x0000000086200000, 0x0000000086200000| Untracked 
|  77|0x0000000086300000, 0x0000000086300000, 0x0000000086400000|  0%| F|  |TAMS 0x0000000086300000, 0x0000000086300000| Untracked 
|  78|0x0000000086400000, 0x0000000086400000, 0x0000000086500000|  0%| F|  |TAMS 0x0000000086400000, 0x0000000086400000| Untracked 
|  79|0x0000000086500000, 0x0000000086500000, 0x0000000086600000|  0%| F|  |TAMS 0x0000000086500000, 0x0000000086500000| Untracked 
|  80|0x0000000086600000, 0x0000000086600000, 0x0000000086700000|  0%| F|  |TAMS 0x0000000086600000, 0x0000000086600000| Untracked 
|  81|0x0000000086700000, 0x0000000086700000, 0x0000000086800000|  0%| F|  |TAMS 0x0000000086700000, 0x0000000086700000| Untracked 
|  82|0x0000000086800000, 0x0000000086800000, 0x0000000086900000|  0%| F|  |TAMS 0x0000000086800000, 0x0000000086800000| Untracked 
|  83|0x0000000086900000, 0x0000000086900000, 0x0000000086a00000|  0%| F|  |TAMS 0x0000000086900000, 0x0000000086900000| Untracked 
|  84|0x0000000086a00000, 0x0000000086a00000, 0x0000000086b00000|  0%| F|  |TAMS 0x0000000086a00000, 0x0000000086a00000| Untracked 
|  85|0x0000000086b00000, 0x0000000086b00000, 0x0000000086c00000|  0%| F|  |TAMS 0x0000000086b00000, 0x0000000086b00000| Untracked 
|  86|0x0000000086c00000, 0x0000000086c00000, 0x0000000086d00000|  0%| F|  |TAMS 0x0000000086c00000, 0x0000000086c00000| Untracked 
|  87|0x0000000086d00000, 0x0000000086d00000, 0x0000000086e00000|  0%| F|  |TAMS 0x0000000086d00000, 0x0000000086d00000| Untracked 
|  88|0x0000000086e00000, 0x0000000086e00000, 0x0000000086f00000|  0%| F|  |TAMS 0x0000000086e00000, 0x0000000086e00000| Untracked 
|  89|0x0000000086f00000, 0x0000000086f00000, 0x0000000087000000|  0%| F|  |TAMS 0x0000000086f00000, 0x0000000086f00000| Untracked 
|  90|0x0000000087000000, 0x0000000087000000, 0x0000000087100000|  0%| F|  |TAMS 0x0000000087000000, 0x0000000087000000| Untracked 
|  91|0x0000000087100000, 0x0000000087100000, 0x0000000087200000|  0%| F|  |TAMS 0x0000000087100000, 0x0000000087100000| Untracked 
|  92|0x0000000087200000, 0x0000000087200000, 0x0000000087300000|  0%| F|  |TAMS 0x0000000087200000, 0x0000000087200000| Untracked 
|  93|0x0000000087300000, 0x0000000087300000, 0x0000000087400000|  0%| F|  |TAMS 0x0000000087300000, 0x0000000087300000| Untracked 
|  94|0x0000000087400000, 0x0000000087400000, 0x0000000087500000|  0%| F|  |TAMS 0x0000000087400000, 0x0000000087400000| Untracked 
|  95|0x0000000087500000, 0x0000000087500000, 0x0000000087600000|  0%| F|  |TAMS 0x0000000087500000, 0x0000000087500000| Untracked 
|  96|0x0000000087600000, 0x0000000087600000, 0x0000000087700000|  0%| F|  |TAMS 0x0000000087600000, 0x0000000087600000| Untracked 
|  97|0x0000000087700000, 0x0000000087700000, 0x0000000087800000|  0%| F|  |TAMS 0x0000000087700000, 0x0000000087700000| Untracked 
|  98|0x0000000087800000, 0x0000000087800000, 0x0000000087900000|  0%| F|  |TAMS 0x0000000087800000, 0x0000000087800000| Untracked 
|  99|0x0000000087900000, 0x0000000087900000, 0x0000000087a00000|  0%| F|  |TAMS 0x0000000087900000, 0x0000000087900000| Untracked 
| 100|0x0000000087a00000, 0x0000000087a00000, 0x0000000087b00000|  0%| F|  |TAMS 0x0000000087a00000, 0x0000000087a00000| Untracked 
| 101|0x0000000087b00000, 0x0000000087b00000, 0x0000000087c00000|  0%| F|  |TAMS 0x0000000087b00000, 0x0000000087b00000| Untracked 
| 102|0x0000000087c00000, 0x0000000087c00000, 0x0000000087d00000|  0%| F|  |TAMS 0x0000000087c00000, 0x0000000087c00000| Untracked 
| 103|0x0000000087d00000, 0x0000000087d00000, 0x0000000087e00000|  0%| F|  |TAMS 0x0000000087d00000, 0x0000000087d00000| Untracked 
| 104|0x0000000087e00000, 0x0000000087e00000, 0x0000000087f00000|  0%| F|  |TAMS 0x0000000087e00000, 0x0000000087e00000| Untracked 
| 105|0x0000000087f00000, 0x0000000087f00000, 0x0000000088000000|  0%| F|  |TAMS 0x0000000087f00000, 0x0000000087f00000| Untracked 
| 106|0x0000000088000000, 0x0000000088000000, 0x0000000088100000|  0%| F|  |TAMS 0x0000000088000000, 0x0000000088000000| Untracked 
| 107|0x0000000088100000, 0x0000000088100000, 0x0000000088200000|  0%| F|  |TAMS 0x0000000088100000, 0x0000000088100000| Untracked 
| 108|0x0000000088200000, 0x0000000088200000, 0x0000000088300000|  0%| F|  |TAMS 0x0000000088200000, 0x0000000088200000| Untracked 
| 109|0x0000000088300000, 0x0000000088300000, 0x0000000088400000|  0%| F|  |TAMS 0x0000000088300000, 0x0000000088300000| Untracked 
| 110|0x0000000088400000, 0x0000000088400000, 0x0000000088500000|  0%| F|  |TAMS 0x0000000088400000, 0x0000000088400000| Untracked 
| 111|0x0000000088500000, 0x0000000088500000, 0x0000000088600000|  0%| F|  |TAMS 0x0000000088500000, 0x0000000088500000| Untracked 
| 112|0x0000000088600000, 0x0000000088600000, 0x0000000088700000|  0%| F|  |TAMS 0x0000000088600000, 0x0000000088600000| Untracked 
| 113|0x0000000088700000, 0x0000000088700000, 0x0000000088800000|  0%| F|  |TAMS 0x0000000088700000, 0x0000000088700000| Untracked 
| 114|0x0000000088800000, 0x0000000088800000, 0x0000000088900000|  0%| F|  |TAMS 0x0000000088800000, 0x0000000088800000| Untracked 
| 115|0x0000000088900000, 0x0000000088900000, 0x0000000088a00000|  0%| F|  |TAMS 0x0000000088900000, 0x0000000088900000| Untracked 
| 116|0x0000000088a00000, 0x0000000088a00000, 0x0000000088b00000|  0%| F|  |TAMS 0x0000000088a00000, 0x0000000088a00000| Untracked 
| 117|0x0000000088b00000, 0x0000000088b00000, 0x0000000088c00000|  0%| F|  |TAMS 0x0000000088b00000, 0x0000000088b00000| Untracked 
| 118|0x0000000088c00000, 0x0000000088c00000, 0x0000000088d00000|  0%| F|  |TAMS 0x0000000088c00000, 0x0000000088c00000| Untracked 
| 119|0x0000000088d00000, 0x0000000088d00000, 0x0000000088e00000|  0%| F|  |TAMS 0x0000000088d00000, 0x0000000088d00000| Untracked 
| 120|0x0000000088e00000, 0x0000000088e00000, 0x0000000088f00000|  0%| F|  |TAMS 0x0000000088e00000, 0x0000000088e00000| Untracked 
| 121|0x0000000088f00000, 0x0000000088f00000, 0x0000000089000000|  0%| F|  |TAMS 0x0000000088f00000, 0x0000000088f00000| Untracked 
| 122|0x0000000089000000, 0x0000000089000000, 0x0000000089100000|  0%| F|  |TAMS 0x0000000089000000, 0x0000000089000000| Untracked 
| 123|0x0000000089100000, 0x0000000089100000, 0x0000000089200000|  0%| F|  |TAMS 0x0000000089100000, 0x0000000089100000| Untracked 
| 124|0x0000000089200000, 0x0000000089300000, 0x0000000089300000|100%| E|  |TAMS 0x0000000089200000, 0x0000000089200000| Complete 
| 125|0x0000000089300000, 0x0000000089400000, 0x0000000089400000|100%| E|CS|TAMS 0x0000000089300000, 0x0000000089300000| Complete 
| 126|0x0000000089400000, 0x0000000089500000, 0x0000000089500000|100%| E|CS|TAMS 0x0000000089400000, 0x0000000089400000| Complete 
| 127|0x0000000089500000, 0x0000000089600000, 0x0000000089600000|100%| E|CS|TAMS 0x0000000089500000, 0x0000000089500000| Complete 

Card table byte_map: [0x000002b6b9a20000,0x000002b6b9e20000] _byte_map_base: 0x000002b6b9615000

Marking Bits (Prev, Next): (CMBitMap*) 0x000002b6a5d8db88, (CMBitMap*) 0x000002b6a5d8dbc0
 Prev Bits: [0x000002b6ba220000, 0x000002b6bc1c8000)
 Next Bits: [0x000002b6bc1d0000, 0x000002b6be178000)

Polling page: 0x000002b6a44f0000

Metaspace:

Usage:
  Non-class:      7.32 MB capacity,     7.23 MB ( 99%) used,    83.82 KB (  1%) free+waste,     9.38 KB ( <1%) overhead. 
      Class:    844.00 KB capacity,   774.94 KB ( 92%) used,    64.25 KB (  8%) free+waste,     4.81 KB ( <1%) overhead. 
       Both:      8.14 MB capacity,     7.98 MB ( 98%) used,   148.07 KB (  2%) free+waste,    14.19 KB ( <1%) overhead. 

Virtual space:
  Non-class space:        8.00 MB reserved,       7.50 MB ( 94%) committed 
      Class space:        1.00 GB reserved,     896.00 KB ( <1%) committed 
             Both:        1.01 GB reserved,       8.38 MB ( <1%) committed 

Chunk freelists:
   Non-Class:  58.00 KB
       Class:  20.00 KB
        Both:  78.00 KB

MaxMetaspaceSize: 17179869184.00 GB
CompressedClassSpaceSize: 1.00 GB
Initial GC threshold: 20.80 MB
Current GC threshold: 20.80 MB
CDS: off

CodeHeap 'non-profiled nmethods': size=120000Kb used=126Kb max_used=126Kb free=119874Kb
 bounds [0x000002b6b1460000, 0x000002b6b16d0000, 0x000002b6b8990000]
CodeHeap 'profiled nmethods': size=120000Kb used=555Kb max_used=555Kb free=119444Kb
 bounds [0x000002b6a9f30000, 0x000002b6aa1a0000, 0x000002b6b1460000]
CodeHeap 'non-nmethods': size=5760Kb used=1118Kb max_used=1131Kb free=4641Kb
 bounds [0x000002b6a9990000, 0x000002b6a9c00000, 0x000002b6a9f30000]
 total_blobs=758 nmethods=398 adapters=273
 compilation: enabled
              stopped_count=0, restarted_count=0
 full_count=0

Compilation events (20 events):
Event: 0.349 Thread 0x000002b6c1817000  389       1       sun.nio.fs.WindowsPathParser$Result::type (5 bytes)
Event: 0.349 Thread 0x000002b6c1817000 nmethod 389 0x000002b6b147e310 code [0x000002b6b147e4c0, 0x000002b6b147e578]
Event: 0.349 Thread 0x000002b6c1817000  390       1       sun.nio.fs.WindowsPathParser$Result::root (5 bytes)
Event: 0.349 Thread 0x000002b6c1817000 nmethod 390 0x000002b6b147e610 code [0x000002b6b147e7c0, 0x000002b6b147e878]
Event: 0.349 Thread 0x000002b6c1817000  391       1       sun.nio.fs.WindowsPathParser$Result::path (5 bytes)
Event: 0.349 Thread 0x000002b6c1817000 nmethod 391 0x000002b6b147e910 code [0x000002b6b147eac0, 0x000002b6b147eb78]
Event: 0.349 Thread 0x000002b6c1817000  392       1       sun.nio.fs.WindowsPath::toString (5 bytes)
Event: 0.350 Thread 0x000002b6c1817000 nmethod 392 0x000002b6b147ec10 code [0x000002b6b147edc0, 0x000002b6b147ee78]
Event: 0.350 Thread 0x000002b6c1817000  394   !   3       java.nio.charset.Charset::defaultCharset (53 bytes)
Event: 0.350 Thread 0x000002b6c180a000 nmethod 388 0x000002b6b147ef10 code [0x000002b6b147f0a0, 0x000002b6b147f118]
Event: 0.350 Thread 0x000002b6c1817000 nmethod 394 0x000002b6a9fb6810 code [0x000002b6a9fb6a80, 0x000002b6a9fb7568]
Event: 0.350 Thread 0x000002b6c1817000  395       3       sun.security.provider.DigestBase::engineUpdate (189 bytes)
Event: 0.350 Thread 0x000002b6c1817000 nmethod 395 0x000002b6a9fb7910 code [0x000002b6a9fb7ba0, 0x000002b6a9fb88a8]
Event: 0.350 Thread 0x000002b6c1817000  393       1       java.nio.file.Files$AcceptAllFilter::accept (2 bytes)
Event: 0.350 Thread 0x000002b6c1817000 nmethod 393 0x000002b6b147f510 code [0x000002b6b147f6c0, 0x000002b6b147f778]
Event: 0.350 Thread 0x000002b6c1817000  397       3       java.lang.invoke.MemberName::isMethod (7 bytes)
Event: 0.351 Thread 0x000002b6c1817000 nmethod 397 0x000002b6a9fb8c90 code [0x000002b6a9fb8e40, 0x000002b6a9fb9078]
Event: 0.483 Thread 0x000002b6c1817000  398 % !   3       sun.security.provider.SeedGenerator$ThreadedSeedGenerator::run @ 109 (263 bytes)
Event: 0.483 Thread 0x000002b6c1817000 nmethod 398% 0x000002b6a9fb9190 code [0x000002b6a9fb9460, 0x000002b6a9fba518]
Event: 0.487 Thread 0x000002b6c180a000  399 % !   4       sun.security.provider.SeedGenerator$ThreadedSeedGenerator::run @ 109 (263 bytes)

GC Heap History (0 events):
No events

Deoptimization events (20 events):
Event: 0.107 Thread 0x000002b6a5d4b800 DEOPT PACKING pc=0x000002b6a9f4e00e sp=0x000000f5aabfab60
Event: 0.107 Thread 0x000002b6a5d4b800 DEOPT UNPACKING pc=0x000002b6a99da95e sp=0x000000f5aabfa000 mode 0
Event: 0.107 Thread 0x000002b6a5d4b800 DEOPT PACKING pc=0x000002b6a9f4e00e sp=0x000000f5aabfab60
Event: 0.107 Thread 0x000002b6a5d4b800 DEOPT UNPACKING pc=0x000002b6a99da95e sp=0x000000f5aabfa000 mode 0
Event: 0.107 Thread 0x000002b6a5d4b800 DEOPT PACKING pc=0x000002b6a9f4e00e sp=0x000000f5aabfab60
Event: 0.107 Thread 0x000002b6a5d4b800 DEOPT UNPACKING pc=0x000002b6a99da95e sp=0x000000f5aabfa000 mode 0
Event: 0.107 Thread 0x000002b6a5d4b800 DEOPT PACKING pc=0x000002b6a9f4e00e sp=0x000000f5aabfab60
Event: 0.107 Thread 0x000002b6a5d4b800 DEOPT UNPACKING pc=0x000002b6a99da95e sp=0x000000f5aabfa000 mode 0
Event: 0.107 Thread 0x000002b6a5d4b800 DEOPT PACKING pc=0x000002b6a9f4e00e sp=0x000000f5aabfab60
Event: 0.107 Thread 0x000002b6a5d4b800 DEOPT UNPACKING pc=0x000002b6a99da95e sp=0x000000f5aabfa000 mode 0
Event: 0.107 Thread 0x000002b6a5d4b800 DEOPT PACKING pc=0x000002b6a9f4e00e sp=0x000000f5aabfab60
Event: 0.107 Thread 0x000002b6a5d4b800 DEOPT UNPACKING pc=0x000002b6a99da95e sp=0x000000f5aabfa000 mode 0
Event: 0.107 Thread 0x000002b6a5d4b800 DEOPT PACKING pc=0x000002b6a9f4e00e sp=0x000000f5aabfab60
Event: 0.107 Thread 0x000002b6a5d4b800 DEOPT UNPACKING pc=0x000002b6a99da95e sp=0x000000f5aabfa000 mode 0
Event: 0.240 Thread 0x000002b6c1a79800 DEOPT PACKING pc=0x000002b6a9fb2c0e sp=0x000000f5abeff110
Event: 0.240 Thread 0x000002b6c1a79800 DEOPT UNPACKING pc=0x000002b6a99da95e sp=0x000000f5abefe650 mode 0
Event: 0.482 Thread 0x000002b6c1a79800 Uncommon trap: trap_request=0xffffff4d fr.pc=0x000002b6b147d644 relative=0x00000000000002a4
Event: 0.482 Thread 0x000002b6c1a79800 Uncommon trap: reason=unstable_if action=reinterpret pc=0x000002b6b147d644 method=sun.security.provider.SeedGenerator$ThreadedSeedGenerator.run()V @ 119 c2
Event: 0.482 Thread 0x000002b6c1a79800 DEOPT PACKING pc=0x000002b6b147d644 sp=0x000000f5abeff1b0
Event: 0.482 Thread 0x000002b6c1a79800 DEOPT UNPACKING pc=0x000002b6a99da1af sp=0x000000f5abeff158 mode 2

Classes redefined (0 events):
No events

Internal exceptions (2 events):
Event: 0.222 Thread 0x000002b6a5d4b800 Exception <a 'java/lang/NoSuchMethodError'{0x00000000892a13b0}: 'java.lang.Object java.lang.invoke.DirectMethodHandle$Holder.invokeStaticInit(java.lang.Object, int, int, int, int)'> (0x00000000892a13b0) thrown at [./src/hotspot/share/interpreter/linkResolver.cpp, line 773]
Event: 0.350 Thread 0x000002b6a5d4b800 Exception <a 'java/lang/NoSuchMethodError'{0x00000000892ce658}: 'java.lang.Object java.lang.invoke.DirectMethodHandle$Holder.invokeStaticInit(java.lang.Object, java.lang.Object, int, int, int, int)'> (0x00000000892ce658) thrown at [./src/hotspot/share/interpreter/linkResolver.cpp, line 773]

Events (20 events):
Event: 0.347 loading class java/nio/file/DirectoryStream$Filter
Event: 0.347 loading class java/nio/file/DirectoryStream$Filter done
Event: 0.347 loading class java/nio/file/Files$AcceptAllFilter done
Event: 0.348 loading class sun/nio/fs/WindowsDirectoryStream
Event: 0.348 loading class java/nio/file/DirectoryStream
Event: 0.348 loading class java/nio/file/DirectoryStream done
Event: 0.348 loading class sun/nio/fs/WindowsDirectoryStream done
Event: 0.348 loading class sun/nio/fs/WindowsDirectoryStream$WindowsDirectoryIterator
Event: 0.348 loading class sun/nio/fs/WindowsDirectoryStream$WindowsDirectoryIterator done
Event: 0.348 loading class sun/nio/fs/WindowsPath$WindowsPathWithAttributes
Event: 0.348 loading class sun/nio/fs/BasicFileAttributesHolder
Event: 0.348 loading class sun/nio/fs/BasicFileAttributesHolder done
Event: 0.348 loading class sun/nio/fs/WindowsPath$WindowsPathWithAttributes done
Event: 0.348 Thread 0x000002b6c199e000 Thread exited: 0x000002b6c199e000
Event: 0.350 Executing VM operation: RevokeBias
Event: 0.351 Executing VM operation: RevokeBias done
Event: 0.482 Thread 0x000002b6c1d0b800 Thread added: 0x000002b6c1d0b800
Event: 0.486 Executing VM operation: RevokeBias
Event: 0.486 Executing VM operation: RevokeBias done
Event: 0.486 Thread 0x000002b6c1cf6800 Thread exited: 0x000002b6c1cf6800


Dynamic libraries:
0x00007ff6da540000 - 0x00007ff6da54a000 	D:\Program Files\IntelliJ IDEA 2021.2.2\jbr\bin\java.exe
0x00007ffbc5100000 - 0x00007ffbc5307000 	C:\WINDOWS\SYSTEM32\ntdll.dll
0x00007ffbc3f90000 - 0x00007ffbc404d000 	C:\WINDOWS\System32\KERNEL32.DLL
0x00007ffbc29e0000 - 0x00007ffbc2d54000 	C:\WINDOWS\System32\KERNELBASE.dll
0x00007ffbc2840000 - 0x00007ffbc2951000 	C:\WINDOWS\System32\ucrtbase.dll
0x00007ffbb6f40000 - 0x00007ffbb6f57000 	D:\Program Files\IntelliJ IDEA 2021.2.2\jbr\bin\VCRUNTIME140.dll
0x00007ffbbfb00000 - 0x00007ffbbfb19000 	D:\Program Files\IntelliJ IDEA 2021.2.2\jbr\bin\jli.dll
0x00007ffbc4300000 - 0x00007ffbc44ac000 	C:\WINDOWS\System32\USER32.dll
0x00007ffba7640000 - 0x00007ffba78e5000 	C:\WINDOWS\WinSxS\amd64_microsoft.windows.common-controls_6595b64144ccf1df_6.0.22000.120_none_9d947278b86cc467\COMCTL32.dll
0x00007ffbc25e0000 - 0x00007ffbc2606000 	C:\WINDOWS\System32\win32u.dll
0x00007ffbc4ae0000 - 0x00007ffbc4b83000 	C:\WINDOWS\System32\msvcrt.dll
0x00007ffbc3e70000 - 0x00007ffbc3e99000 	C:\WINDOWS\System32\GDI32.dll
0x00007ffbc2720000 - 0x00007ffbc2832000 	C:\WINDOWS\System32\gdi32full.dll
0x00007ffbc2610000 - 0x00007ffbc26ad000 	C:\WINDOWS\System32\msvcp_win.dll
0x00007ffbc4180000 - 0x00007ffbc41b1000 	C:\WINDOWS\System32\IMM32.DLL
0x00007ffbab2b0000 - 0x00007ffbab34d000 	D:\Program Files\IntelliJ IDEA 2021.2.2\jbr\bin\msvcp140.dll
0x00007ffb62e90000 - 0x00007ffb639e8000 	D:\Program Files\IntelliJ IDEA 2021.2.2\jbr\bin\server\jvm.dll
0x00007ffbc2f90000 - 0x00007ffbc303c000 	C:\WINDOWS\System32\ADVAPI32.dll
0x00007ffbc33c0000 - 0x00007ffbc345d000 	C:\WINDOWS\System32\sechost.dll
0x00007ffbc4b90000 - 0x00007ffbc4cb1000 	C:\WINDOWS\System32\RPCRT4.dll
0x00007ffbc3d60000 - 0x00007ffbc3d68000 	C:\WINDOWS\System32\PSAPI.DLL
0x00007ffbb17e0000 - 0x00007ffbb17e9000 	C:\WINDOWS\SYSTEM32\WSOCK32.dll
0x00007ffbbd180000 - 0x00007ffbbd1b3000 	C:\WINDOWS\SYSTEM32\WINMM.dll
0x00007ffbbde50000 - 0x00007ffbbde5a000 	C:\WINDOWS\SYSTEM32\VERSION.dll
0x00007ffbc4e40000 - 0x00007ffbc4eaf000 	C:\WINDOWS\System32\WS2_32.dll
0x00007ffbc1800000 - 0x00007ffbc1818000 	C:\WINDOWS\SYSTEM32\kernel.appcore.dll
0x00007ffbace80000 - 0x00007ffbace91000 	D:\Program Files\IntelliJ IDEA 2021.2.2\jbr\bin\verify.dll
0x00007ffbb0050000 - 0x00007ffbb0271000 	C:\WINDOWS\SYSTEM32\DBGHELP.DLL
0x00007ffbad4a0000 - 0x00007ffbad4d1000 	C:\WINDOWS\SYSTEM32\dbgcore.DLL
0x00007ffbc2960000 - 0x00007ffbc29e0000 	C:\WINDOWS\System32\bcryptPrimitives.dll
0x00007ffb75840000 - 0x00007ffb75869000 	D:\Program Files\IntelliJ IDEA 2021.2.2\jbr\bin\java.dll
0x00007ffbb0600000 - 0x00007ffbb060b000 	D:\Program Files\IntelliJ IDEA 2021.2.2\jbr\bin\jimage.dll
0x00007ffb90cd0000 - 0x00007ffb90ce8000 	D:\Program Files\IntelliJ IDEA 2021.2.2\jbr\bin\zip.dll
0x00007ffbc35b0000 - 0x00007ffbc3d59000 	C:\WINDOWS\System32\SHELL32.dll
0x00007ffbc07a0000 - 0x00007ffbc1002000 	C:\WINDOWS\SYSTEM32\windows.storage.dll
0x00007ffbc3040000 - 0x00007ffbc33b8000 	C:\WINDOWS\System32\combase.dll
0x00007ffbc0630000 - 0x00007ffbc0796000 	C:\WINDOWS\SYSTEM32\wintypes.dll
0x00007ffbc4050000 - 0x00007ffbc413a000 	C:\WINDOWS\System32\SHCORE.dll
0x00007ffbc3d70000 - 0x00007ffbc3dcd000 	C:\WINDOWS\System32\shlwapi.dll
0x00007ffbc2510000 - 0x00007ffbc2531000 	C:\WINDOWS\SYSTEM32\profapi.dll
0x00007ffb864f0000 - 0x00007ffb8650a000 	D:\Program Files\IntelliJ IDEA 2021.2.2\jbr\bin\net.dll
0x00007ffbbcfb0000 - 0x00007ffbbd0bc000 	C:\WINDOWS\SYSTEM32\WINHTTP.dll
0x00007ffbc1c10000 - 0x00007ffbc1c77000 	C:\WINDOWS\system32\mswsock.dll
0x00007ffb77b40000 - 0x00007ffb77b54000 	D:\Program Files\IntelliJ IDEA 2021.2.2\jbr\bin\nio.dll
0x00007ffbc1e50000 - 0x00007ffbc1e68000 	C:\WINDOWS\SYSTEM32\CRYPTSP.dll
0x00007ffbc1760000 - 0x00007ffbc1795000 	C:\WINDOWS\system32\rsaenh.dll
0x00007ffbc1d00000 - 0x00007ffbc1d29000 	C:\WINDOWS\SYSTEM32\USERENV.dll
0x00007ffbc1fd0000 - 0x00007ffbc1ff7000 	C:\WINDOWS\SYSTEM32\bcrypt.dll
0x00007ffbc1340000 - 0x00007ffbc136d000 	C:\WINDOWS\SYSTEM32\IPHLPAPI.DLL
0x00007ffbc4170000 - 0x00007ffbc4179000 	C:\WINDOWS\System32\NSI.dll
0x00007ffbbcd60000 - 0x00007ffbbcd79000 	C:\WINDOWS\SYSTEM32\dhcpcsvc6.DLL
0x00007ffbbdd00000 - 0x00007ffbbdd1e000 	C:\WINDOWS\SYSTEM32\dhcpcsvc.DLL
0x00007ffbc1370000 - 0x00007ffbc1457000 	C:\WINDOWS\SYSTEM32\DNSAPI.dll

dbghelp: loaded successfully - version: 4.0.5 - missing functions: none
symbol engine: initialized successfully - sym options: 0x614 - pdb path: .;D:\Program Files\IntelliJ IDEA 2021.2.2\jbr\bin;C:\WINDOWS\SYSTEM32;C:\WINDOWS\WinSxS\amd64_microsoft.windows.common-controls_6595b64144ccf1df_6.0.22000.120_none_9d947278b86cc467;D:\Program Files\IntelliJ IDEA 2021.2.2\jbr\bin\server

VM Arguments:
jvm_args: -Djava.rmi.server.hostname=127.0.0.1 -Duser.timezone=UTC -Xmx2025m -Xms128m -Dfile.encoding=UTF-8 
java_command: com.intellij.database.remote.RemoteJdbcServer com.mysql.cj.jdbc.Driver
java_class_path (initial): D:\Program Files\IntelliJ IDEA 2021.2.2\lib\util.jar;D:\Program Files\IntelliJ IDEA 2021.2.2\lib\groovy-2.5.14.jar;D:\Program Files\IntelliJ IDEA 2021.2.2\plugins\DatabaseTools\lib\jdbc-console.jar;C:\Users\hiepn\AppData\Roaming\JetBrains\IntelliJIdea2021.2\jdbc-drivers\MySQL ConnectorJ\8.0.25\mysql-connector-java-8.0.25.jar
Launcher Type: SUN_STANDARD

[Global flags]
     intx CICompilerCount                          = 4                                         {product} {ergonomic}
     uint ConcGCThreads                            = 3                                         {product} {ergonomic}
     uint G1ConcRefinementThreads                  = 10                                        {product} {ergonomic}
   size_t G1HeapRegionSize                         = 1048576                                   {product} {ergonomic}
    uintx GCDrainStackTargetSize                   = 64                                        {product} {ergonomic}
   size_t InitialHeapSize                          = 134217728                                 {product} {command line}
   size_t MarkStackSize                            = 4194304                                   {product} {ergonomic}
   size_t MaxHeapSize                              = 2124414976                                {product} {command line, ergonomic}
   size_t MaxNewSize                               = 1274019840                                {product} {ergonomic}
   size_t MinHeapDeltaBytes                        = 1048576                                   {product} {ergonomic}
    uintx NonNMethodCodeHeapSize                   = 5836300                                {pd product} {ergonomic}
    uintx NonProfiledCodeHeapSize                  = 122910970                              {pd product} {ergonomic}
    uintx ProfiledCodeHeapSize                     = 122910970                              {pd product} {ergonomic}
    uintx ReservedCodeCacheSize                    = 251658240                              {pd product} {ergonomic}
     bool SegmentedCodeCache                       = true                                      {product} {ergonomic}
     bool UseCompressedClassPointers               = true                                 {lp64_product} {ergonomic}
     bool UseCompressedOops                        = true                                 {lp64_product} {ergonomic}
     bool UseG1GC                                  = true                                      {product} {ergonomic}
     bool UseLargePagesIndividualAllocation        = false                                  {pd product} {ergonomic}

Logging:
Log output configuration:
 #0: stdout all=warning uptime,level,tags
 #1: stderr all=off uptime,level,tags

Environment Variables:
PATH=C:\Python39\Scripts\;C:\Python39\;C:\Windows\system32;C:\Windows;C:\Windows\System32\Wbem;C:\Windows\System32\WindowsPowerShell\v1.0\;C:\Windows\System32\OpenSSH\;C:\Program Files (x86)\NVIDIA Corporation\PhysX\Common;C:\Program Files\NVIDIA Corporation\NVIDIA NvDLISR;C:\WINDOWS\system32;C:\WINDOWS;C:\WINDOWS\System32\Wbem;C:\WINDOWS\System32\WindowsPowerShell\v1.0\;C:\WINDOWS\System32\OpenSSH\;D:\Program Files\Git\cmd;C:\ProgramData\chocolatey\bin;C:\Program Files\nodejs\;C:\Program Files\MySQL\MySQL Shell 8.0\bin\;C:\Users\hiepn\AppData\Local\Microsoft\WindowsApps;C:\Users\hiepn\AppData\Roaming\npm
USERNAME=hiepn
OS=Windows_NT
PROCESSOR_IDENTIFIER=Intel64 Family 6 Model 165 Stepping 2, GenuineIntel



---------------  S Y S T E M  ---------------

OS: Windows 10 , 64 bit Build 22000 (10.0.22000.120)
OS uptime: 3 days 23:56 hours

CPU:total 12 (initial active 12) (6 cores per cpu, 2 threads per core) family 6 model 165 stepping 2 microcode 0xe2, cmov, cx8, fxsr, mmx, sse, sse2, sse3, ssse3, sse4.1, sse4.2, popcnt, avx, avx2, aes, clmul, erms, 3dnowpref, lzcnt, ht, tsc, tscinvbit, bmi1, bmi2, adx, fma

Memory: 4k page, system-wide physical 16205M (3755M free)
TotalPageFile size 20301M (AvailPageFile size 5M)
current process WorkingSet (physical memory assigned to process): 50M, peak: 50M
current process commit charge ("private bytes"): 215M, peak: 215M

vm_info: OpenJDK 64-Bit Server VM (11.0.12+7-b1504.28) for windows-amd64 JRE (11.0.12+7-b1504.28), built on Sep  3 2021 08:39:15 by "" with MS VC++ 14.0 (VS2015)

END.
