#
# There is insufficient memory for the Java Runtime Environment to continue.
# Native memory allocation (mmap) failed to map 266338304 bytes for G1 virtual space
# Possible reasons:
#   The system is out of physical RAM or swap space
#   The process is running with CompressedOops enabled, and the Java Heap may be blocking the growth of the native heap
# Possible solutions:
#   Reduce memory load on the system
#   Increase physical memory or swap space
#   Check if swap backing store is full
#   Decrease Java heap size (-Xmx/-Xms)
#   Decrease number of Java threads
#   Decrease Java thread stack sizes (-Xss)
#   Set larger code cache with -XX:ReservedCodeCacheSize=
#   JVM is running with Zero Based Compressed Oops mode in which the Java heap is
#     placed in the first 32GB address space. The Java Heap base address is the
#     maximum limit for the native heap growth. Please use -XX:HeapBaseMinAddress
#     to set the Java Heap base and to place the Java Heap above 32GB virtual address.
# This output file may be truncated or incomplete.
#
#  Out of Memory Error (os_windows.cpp:3466), pid=22380, tid=3488
#
# JRE version:  (16.0.2+7) (build )
# Java VM: OpenJDK 64-Bit Server VM (16.0.2+7-67, mixed mode, sharing, tiered, compressed oops, compressed class ptrs, g1 gc, windows-amd64)
# No core dump will be written. Minidumps are not enabled by default on client versions of Windows
#

---------------  S U M M A R Y ------------

Command Line: -XX:TieredStopAtLevel=1 -Xverify:none -Dspring.output.ansi.enabled=always -javaagent:D:\Program Files\IntelliJ IDEA 2021.2.2\lib\idea_rt.jar=62203:D:\Program Files\IntelliJ IDEA 2021.2.2\bin -Dcom.sun.management.jmxremote -Dspring.jmx.enabled=true -Dspring.liveBeansView.mbeanDomain -Dspring.application.admin.enabled=true -Dfile.encoding=UTF-8 com.example.demo.DemoApplication

Host: Intel(R) Core(TM) i7-10750H CPU @ 2.60GHz, 12 cores, 15G,  Windows 10 , 64 bit Build 22000 (10.0.22000.120)
Time: Thu Oct  7 08:57:09 2021 SE Asia Standard Time elapsed time: 0.010826 seconds (0d 0h 0m 0s)

---------------  T H R E A D  ---------------

Current thread (0x00000252543d7b20):  JavaThread "Unknown thread" [_thread_in_vm, id=3488, stack(0x000000dbbd300000,0x000000dbbd400000)]

Stack: [0x000000dbbd300000,0x000000dbbd400000]
Native frames: (J=compiled Java code, j=interpreted, Vv=VM code, C=native code)
V  [jvm.dll+0x6681ca]
V  [jvm.dll+0x7c9e69]
V  [jvm.dll+0x7cb61e]
V  [jvm.dll+0x7cbc73]
V  [jvm.dll+0x242c55]
V  [jvm.dll+0x664f89]
V  [jvm.dll+0x659b75]
V  [jvm.dll+0x2fbfbb]
V  [jvm.dll+0x3031b6]
V  [jvm.dll+0x35299e]
V  [jvm.dll+0x352bcf]
V  [jvm.dll+0x2d3028]
V  [jvm.dll+0x2d4264]
V  [jvm.dll+0x79c741]
V  [jvm.dll+0x360791]
V  [jvm.dll+0x77a3f0]
V  [jvm.dll+0x3e4e8f]
V  [jvm.dll+0x3e6961]
C  [jli.dll+0x52fb]
C  [ucrtbase.dll+0x26c0c]
C  [KERNEL32.DLL+0x154e0]
C  [ntdll.dll+0x485b]


---------------  P R O C E S S  ---------------

Threads class SMR info:
_java_thread_list=0x00007ffa9936cbb8, length=0, elements={
}

Java Threads: ( => current thread )

Other Threads:
  0x0000025254425c80 GCTaskThread "GC Thread#0" [stack: 0x000000dbbd400000,0x000000dbbd500000] [id=13692]
  0x00000252541bdf30 ConcurrentGCThread "G1 Main Marker" [stack: 0x000000dbbd500000,0x000000dbbd600000] [id=9852]
  0x0000025254435260 ConcurrentGCThread "G1 Conc#0" [stack: 0x000000dbbd600000,0x000000dbbd700000] [id=22384]

[error occurred during error reporting (printing all threads), id 0xc0000005, EXCEPTION_ACCESS_VIOLATION (0xc0000005) at pc=0x00007ffa98b43ee7]

VM state: not at safepoint (not fully initialized)

VM Mutex/Monitor currently owned by a thread:  ([mutex/lock_event])
[0x00000252543d3680] Heap_lock - owner thread: 0x00000252543d7b20

Heap address: 0x0000000702c00000, size: 4052 MB, Compressed Oops mode: Zero based, Oop shift amount: 3

CDS archive(s) mapped at: [0x0000000000000000-0x0000000000000000-0x0000000000000000), size 0, SharedBaseAddress: 0x0000000800000000, ArchiveRelocationMode: 0.
Narrow klass base: 0x0000000000000000, Narrow klass shift: 0, Narrow klass range: 0x0

GC Precious Log:
<Empty>

Heap:
 garbage-first heap   total 0K, used 0K [0x0000000702c00000, 0x0000000800000000)
  region size 2048K, 0 young (0K), 0 survivors (0K)

[error occurred during error reporting (printing heap information), id 0xc0000005, EXCEPTION_ACCESS_VIOLATION (0xc0000005) at pc=0x00007ffa98f21eed]

GC Heap History (0 events):
No events

Deoptimization events (0 events):
No events

Classes unloaded (0 events):
No events

Classes redefined (0 events):
No events

Internal exceptions (0 events):
No events

Events (1 events):
Event: 0.007 Loaded shared library C:\Users\hiepn\.jdks\openjdk-16.0.2\bin\java.dll


Dynamic libraries:
0x00007ff7dde60000 - 0x00007ff7dde6e000 	C:\Users\hiepn\.jdks\openjdk-16.0.2\bin\java.exe
0x00007ffb1c9a0000 - 0x00007ffb1cba7000 	C:\WINDOWS\SYSTEM32\ntdll.dll
0x00007ffb1adb0000 - 0x00007ffb1ae6d000 	C:\WINDOWS\System32\KERNEL32.DLL
0x00007ffb1a1f0000 - 0x00007ffb1a564000 	C:\WINDOWS\System32\KERNELBASE.dll
0x00007ffb1a0d0000 - 0x00007ffb1a1e1000 	C:\WINDOWS\System32\ucrtbase.dll
0x00007ffac3480000 - 0x00007ffac3498000 	C:\Users\hiepn\.jdks\openjdk-16.0.2\bin\jli.dll
0x00007ffac38b0000 - 0x00007ffac38c9000 	C:\Users\hiepn\.jdks\openjdk-16.0.2\bin\VCRUNTIME140.dll
0x00007ffb1c190000 - 0x00007ffb1c33c000 	C:\WINDOWS\System32\USER32.dll
0x00007ffaff9f0000 - 0x00007ffaffc95000 	C:\WINDOWS\WinSxS\amd64_microsoft.windows.common-controls_6595b64144ccf1df_6.0.22000.120_none_9d947278b86cc467\COMCTL32.dll
0x00007ffb1a6e0000 - 0x00007ffb1a706000 	C:\WINDOWS\System32\win32u.dll
0x00007ffb1c4e0000 - 0x00007ffb1c583000 	C:\WINDOWS\System32\msvcrt.dll
0x00007ffb1afc0000 - 0x00007ffb1afe9000 	C:\WINDOWS\System32\GDI32.dll
0x00007ffb19fb0000 - 0x00007ffb1a0c2000 	C:\WINDOWS\System32\gdi32full.dll
0x00007ffb1a710000 - 0x00007ffb1a7ad000 	C:\WINDOWS\System32\msvcp_win.dll
0x00007ffb1b010000 - 0x00007ffb1b041000 	C:\WINDOWS\System32\IMM32.DLL
0x00007ffb03060000 - 0x00007ffb0306c000 	C:\Users\hiepn\.jdks\openjdk-16.0.2\bin\vcruntime140_1.dll
0x00007ffabf570000 - 0x00007ffabf601000 	C:\Users\hiepn\.jdks\openjdk-16.0.2\bin\msvcp140.dll
0x00007ffa98860000 - 0x00007ffa9940b000 	C:\Users\hiepn\.jdks\openjdk-16.0.2\bin\server\jvm.dll
0x00007ffb1b770000 - 0x00007ffb1b81c000 	C:\WINDOWS\System32\ADVAPI32.dll
0x00007ffb1c430000 - 0x00007ffb1c4cd000 	C:\WINDOWS\System32\sechost.dll
0x00007ffb1ac20000 - 0x00007ffb1ad41000 	C:\WINDOWS\System32\RPCRT4.dll
0x00007ffb1c420000 - 0x00007ffb1c428000 	C:\WINDOWS\System32\PSAPI.DLL
0x00007ffb09c90000 - 0x00007ffb09c99000 	C:\WINDOWS\SYSTEM32\WSOCK32.dll
0x00007ffb02f70000 - 0x00007ffb02fa3000 	C:\WINDOWS\SYSTEM32\WINMM.dll
0x00007ffb15dd0000 - 0x00007ffb15dda000 	C:\WINDOWS\SYSTEM32\VERSION.dll
0x00007ffb1af50000 - 0x00007ffb1afbf000 	C:\WINDOWS\System32\WS2_32.dll
0x00007ffb190a0000 - 0x00007ffb190b8000 	C:\WINDOWS\SYSTEM32\kernel.appcore.dll
0x00007ffb02da0000 - 0x00007ffb02daa000 	C:\Users\hiepn\.jdks\openjdk-16.0.2\bin\jimage.dll
0x00007ffb07d10000 - 0x00007ffb07f31000 	C:\WINDOWS\SYSTEM32\DBGHELP.DLL
0x00007ffb05480000 - 0x00007ffb054b1000 	C:\WINDOWS\SYSTEM32\dbgcore.DLL
0x00007ffb1a7b0000 - 0x00007ffb1a830000 	C:\WINDOWS\System32\bcryptPrimitives.dll
0x00007ffb17430000 - 0x00007ffb1743e000 	C:\Users\hiepn\.jdks\openjdk-16.0.2\bin\instrument.dll
0x00007ffabf540000 - 0x00007ffabf565000 	C:\Users\hiepn\.jdks\openjdk-16.0.2\bin\java.dll

dbghelp: loaded successfully - version: 4.0.5 - missing functions: none
symbol engine: initialized successfully - sym options: 0x614 - pdb path: .;C:\Users\hiepn\.jdks\openjdk-16.0.2\bin;C:\WINDOWS\SYSTEM32;C:\WINDOWS\WinSxS\amd64_microsoft.windows.common-controls_6595b64144ccf1df_6.0.22000.120_none_9d947278b86cc467;C:\Users\hiepn\.jdks\openjdk-16.0.2\bin\server

VM Arguments:
jvm_args: -XX:TieredStopAtLevel=1 -Xverify:none -Dspring.output.ansi.enabled=always -javaagent:D:\Program Files\IntelliJ IDEA 2021.2.2\lib\idea_rt.jar=62203:D:\Program Files\IntelliJ IDEA 2021.2.2\bin -Dcom.sun.management.jmxremote -Dspring.jmx.enabled=true -Dspring.liveBeansView.mbeanDomain -Dspring.application.admin.enabled=true -Dfile.encoding=UTF-8 
java_command: com.example.demo.DemoApplication
java_class_path (initial): D:\BE\MP3-BE\build\classes\java\main;D:\BE\MP3-BE\build\resources\main;C:\Users\hiepn\.gradle\caches\modules-2\files-2.1\org.projectlombok\lombok\1.18.20\18bcea7d5df4d49227b4a0743a536208ce4825bb\lombok-1.18.20.jar;C:\Users\hiepn\.gradle\caches\modules-2\files-2.1\org.springframework.boot\spring-boot-starter-data-jdbc\2.5.5\24337cbb129541883a86b60caf6fa5c5fe844fa6\spring-boot-starter-data-jdbc-2.5.5.jar;C:\Users\hiepn\.gradle\caches\modules-2\files-2.1\org.springframework.boot\spring-boot-starter-data-jpa\2.5.5\5ec66dab8ad9dead3322e21d1bfafe29da89f360\spring-boot-starter-data-jpa-2.5.5.jar;C:\Users\hiepn\.gradle\caches\modules-2\files-2.1\org.springframework.boot\spring-boot-starter-jdbc\2.5.5\937cf9e02eeefa8f2e4c4dade226e5c4482c3207\spring-boot-starter-jdbc-2.5.5.jar;C:\Users\hiepn\.gradle\caches\modules-2\files-2.1\org.springframework.boot\spring-boot-starter-web\2.5.5\c09bf133d22c865d6ce4d67ff48aece7ff1defb1\spring-boot-starter-web-2.5.5.jar;C:\Users\hiepn\.gradle\caches\modules-2\files-2.1\org.springframework.boot\spring-boot-starter-security\2.5.5\30cec14d6be2595abeca39985c84b4d941c07cd4\spring-boot-starter-security-2.5.5.jar;C:\Users\hiepn\.gradle\caches\modules-2\files-2.1\io.jsonwebtoken\jjwt\0.9.0\64e3ed8a5f0bc93ecea592a0b3280f995efbdfe9\jjwt-0.9.0.jar;C:\Users\hiepn\.gradle\caches\modules-2\files-2.1\javax.validation\validation-api\2.0.1.Final\cb855558e6271b1b32e716d24cb85c7f583ce09e\validation-api-2.0.1.Final.jar;C:\Users\hiepn\.gradle\caches\modules-2\files-2.1\org.springframework.security\spring-security-web\5.4.2\397b4d52b0bd9e7219789630ac3836cce7557c44\spring-security-web-5.4.2.jar;C:\Users\hiepn\.gradle\caches\modules-2\files-2.1\org.springframework.data\spring-data-jdbc\2.2.5\bd7397cb7166c9117edb07440606ada03350e67a\spring-data-jdbc-2.2.5.jar;C:\Users\hiepn\.gradle\caches\modules-2\files-2.1\org.springframework.boot\spring-boot-starter-aop\2.5.5\25b36a03046a5262089d1167e29086a62afd2e9f\spring-boot-starter-aop-2.5.5.jar;C:
Launcher Type: SUN_STANDARD

[Global flags]
     intx CICompilerCount                          = 4                                         {product} {ergonomic}
     uint ConcGCThreads                            = 3                                         {product} {ergonomic}
     uint G1ConcRefinementThreads                  = 10                                        {product} {ergonomic}
   size_t G1HeapRegionSize                         = 2097152                                   {product} {ergonomic}
    uintx GCDrainStackTargetSize                   = 64                                        {product} {ergonomic}
   size_t InitialHeapSize                          = 266338304                                 {product} {ergonomic}
     bool ManagementServer                         = true                                      {product} {command line}
   size_t MarkStackSize                            = 4194304                                   {product} {ergonomic}
   size_t MaxHeapSize                              = 4248829952                                {product} {ergonomic}
   size_t MinHeapDeltaBytes                        = 2097152                                   {product} {ergonomic}
   size_t MinHeapSize                              = 8388608                                   {product} {ergonomic}
    uintx NonNMethodCodeHeapSize                   = 7549744                                {pd product} {ergonomic}
    uintx NonProfiledCodeHeapSize                  = 244108496                              {pd product} {ergonomic}
    uintx ProfiledCodeHeapSize                     = 0                                      {pd product} {ergonomic}
    uintx ReservedCodeCacheSize                    = 251658240                              {pd product} {ergonomic}
     bool SegmentedCodeCache                       = true                                      {product} {ergonomic}
   size_t SoftMaxHeapSize                          = 4248829952                             {manageable} {ergonomic}
     intx TieredStopAtLevel                        = 1                                         {product} {command line}
     bool UseCompressedClassPointers               = true                           {product lp64_product} {ergonomic}
     bool UseCompressedOops                        = true                           {product lp64_product} {ergonomic}
     bool UseG1GC                                  = true                                      {product} {ergonomic}
     bool UseLargePagesIndividualAllocation        = false                                  {pd product} {ergonomic}

Logging:
Log output configuration:
 #0: stdout all=warning uptime,level,tags
 #1: stderr all=off uptime,level,tags

Environment Variables:
PATH=C:\Python39\Scripts\;C:\Python39\;C:\Windows\system32;C:\Windows;C:\Windows\System32\Wbem;C:\Windows\System32\WindowsPowerShell\v1.0\;C:\Windows\System32\OpenSSH\;C:\Program Files (x86)\NVIDIA Corporation\PhysX\Common;C:\Program Files\NVIDIA Corporation\NVIDIA NvDLISR;C:\WINDOWS\system32;C:\WINDOWS;C:\WINDOWS\System32\Wbem;C:\WINDOWS\System32\WindowsPowerShell\v1.0\;C:\WINDOWS\System32\OpenSSH\;D:\Program Files\Git\cmd;C:\ProgramData\chocolatey\bin;C:\Program Files\nodejs\;C:\Program Files\MySQL\MySQL Shell 8.0\bin\;C:\Users\hiepn\AppData\Local\Microsoft\WindowsApps;C:\Users\hiepn\AppData\Roaming\npm
USERNAME=hiepn
OS=Windows_NT
PROCESSOR_IDENTIFIER=Intel64 Family 6 Model 165 Stepping 2, GenuineIntel



---------------  S Y S T E M  ---------------

OS:
 Windows 10 , 64 bit Build 22000 (10.0.22000.120)
OS uptime: 0 days 14:17 hours

CPU: total 12 (initial active 12) (6 cores per cpu, 2 threads per core) family 6 model 165 stepping 2 microcode 0xe2, cx8, cmov, fxsr, ht, mmx, 3dnowpref, sse, sse2, sse3, ssse3, sse4.1, sse4.2, popcnt, lzcnt, tsc, tscinvbit, avx, avx2, aes, erms, clmul, bmi1, bmi2, adx, fma, vzeroupper, clflush, clflushopt

Memory: 4k page, system-wide physical 16205M (1278M free)
TotalPageFile size 20301M (AvailPageFile size 235M)
current process WorkingSet (physical memory assigned to process): 11M, peak: 11M
current process commit charge ("private bytes"): 61M, peak: 315M

vm_info: OpenJDK 64-Bit Server VM (16.0.2+7-67) for windows-amd64 JRE (16.0.2+7-67), built on Jun  8 2021 23:21:43 by "mach5one" with MS VC++ 16.7 (VS2019)

END.
